<?xml version="1.0" encoding="UTF-8"?>
<!-- Generated by org.testng.reporters.JUnitReportReporter -->
<testsuite hostname="Himanya" failures="0" tests="1" name="Hima.firstcommit" time="0.008" errors="0" timestamp="2023-04-12T16:35:56 IST" skipped="0">
  <testcase classname="Hima.firstcommit" name="fcommit" time="0.008"/>
  <system-out/>
</testsuite> <!-- Hima.firstcommit -->
